[    0.000000] Initializing cgroup subsys cpuset
[    0.000000] Initializing cgroup subsys cpu
[    0.000000] Initializing cgroup subsys cpuacct
[    0.000000] Linux version 4.4.0-128-generic (buildd@lcy01-amd64-019) (gcc version 5.4.0 20160609 (Ubuntu 5.4.0-6ubuntu1~16.04.9) ) #154-Ubuntu SMP Fri May 25 14:15:18 UTC 2018 (Ubuntu 4.4.0-128.154-generic 4.4.131)
[    0.000000] Command line: BOOT_IMAGE=/boot/vmlinuz-4.4.0-128-generic root=LABEL=cloudimg-rootfs ro console=tty1 console=ttyS0
[    0.000000] KERNEL supported cpus:
[    0.000000]   Intel GenuineIntel
[    0.000000]   AMD AuthenticAMD
[    0.000000]   Centaur CentaurHauls
[    0.000000] x86/fpu: xstate_offset[2]:  576, xstate_sizes[2]:  256
[    0.000000] x86/fpu: Supporting XSAVE featur 001: 'x87 floating point registers'
[    0.000000] x86/fpu: Supporting XSAVE feature 0x02: 'SSE registers'
[    0.000000] x86/fpu: Supporting XSAVE feature 0x04: 'AVX registers'
[    0.000000] x86/fpu: Enabled xstate features 0x7, context siz is 832 bytes, using 'standard' format.
[    0.000000] x86/fpu: Using 'lazy' FPU context switches.
[    0.000000] e820: BIOS-provided physical RAM map:
[   0.0000] BIOS-e820: [mem 0x0000000000000000-0x0000000009fbff] uabe
[   0.000000] BIOS-e820: [mem 0x000000000009fc00-0x000000000009ffff] reserved
[    0.000000] BIOS-e820: [mem 0x00000000000f0000-0x00000000000fffff] reserved
[    0.000000] BIOS-e820: [mem 0x0000000000100000-0x00000000dffeffff] usable
[    0.000000] BIOS-e82: [mem 0x00000000dfff0000-0x00000000dfffffff] ACPI data
[    0.000000] BIOS-e820: [mem 0x00000000fffc0000-0x00000000ffffffff] reserved
[    0.000000] BIOS-e820: [mem 0x0000000100000000-0x000000011fffffff] usable
[    0.000000] NX(Execute Disable) protection: active
[    0.000000] SMBIOS 2.5 present.
[    0.000000] Hypervisor detected: KVM
[    0.000000] e820: last_pfn = 0x120000 max_arch_pfn = 0x400000000
[    0.000000] MTRR: Disabled
[    0.000000] x86/PAT: MTRRs disabled, skipping PAT initialization to.
[    0.000000] CU MTRRs all blank - virtualized system.
[    0.000000] x86/PAT: Configuration [0-7]: WB  WT  UC- UC  WB  WT  UC- UC 
[    0.000000] e820: last_pfn = 0xdfff0 max_arch_pfn = 0x400000000
[    0.000000] found SMP MP-table at [mem 0x0009fff0-0x0009ffff] mapped at [ffff88000009fff0]
[    0.000000] Scanning 1 areas for low memory corruption
[    0.000000] RAMDISK: [mem 0x36aa4000-0x37549fff]
[    0.000000] ACPI: Early table checksum verifiction disabled
[  0.000000] ACPI: RSDP 0x00000000000E0000 000024 (v02 VBOX  )
[   0.000000] ACPI: XSDT 0x00000000DFFF0030 00003C (v01 VBOX   VBOXXSDT 00000001 ASL  00000061)
[  0.000000] ACPI: FACP 0x00000000DFFF00F0 0000F4 (v04 VBO   VBOXFACP 00000001 ASL  00000061)
[    0.00000] ACPI: DSDT 0x00000000DFFF0470 002106 (v01 VBOX   VBOXBIOS 00000002 INTL 20100528)
[    0.000000] ACPI: FACS 0x00000000DFFF0200 000040
[    0.000000] ACPI: FACS 0x00000000DFFF0200 000040
[   0.000000] ACPI: APIC 0x00000000DFFF020 005C (v02 VBOX   VBOXAPIC 00000001 ASL  00000061)
[    0.000000] ACPI: SSDT 0x00000000DFFF02A0 0001CC (v01 VBOX   VBOXCPUT 00000002 INTL 20100528)
[    0.000000] No NUMA configuration found
[    0.000000] Faking a node at [mem 0x0000000000000000-0x000000011fffffff]
[    0.000000] NODE_DATA(0) allocated [mem 0x11fff7000-0x11fffbfff]
[   0.00000] kvm-clock: Using msrs 4b564d01 and 4b564d00
[    0.000000] kvm-clock: cpu 0, msr 1:1ffef001, primary cpu clock
[    0.000000] kvm-clock: using sched offset of 3798186860 cycles
[    0.000000] clocksource: kvm-clock: mask: 0xffffffffffffffff max_cycles: 0x1cd42e4dffb, max_idle_ns: 881590591483 ns
[    0.000000] Zone ranges:
[    0.0000]   DMA    [mem 0x0000000000001000-0x0000000000ffffff]
[    0.00000]   DMA32    em x000000001000000-0x00000000ffffffff]
[    0.000000]   Normal   [mem 0x0000000100000000-0x000000fffffff]
[    0.000000]   Device   empty
[    0.000000] Movable zone start for each node
[    0.000000] Early memory node ranges
[    0.000000]   node   0: [mem 0x0000000000001000-0x000000000009efff]
[    .000000]   node   0: [mm 0x0000000000100000-0x00000000dfeffff]
[    0.00000]   node   0: [mem 0x0000000100000000-0x000000011fffffff
[    0.000000] Initmem setup node 0 [mem x0000000000001000-0x00000011fffffff]
[    0.000000] ACPI: PM-Timer IO Port 0x4008
[    0.000000] IOAPIC[0]: apic_id 2, version 17, address 0xfec0000, GSI 0-23
[    0.000000] ACPI: INT_SRC_OVR(bus 0 bus_irq 0 global_irq 2 dfl dfl)
[    0.000000] ACPI: INT_SRC_OVR (bus 0 bus_irq 9 global_irq 9 high level)
[    0.000000] Using ACPI (MADT) for SMP configuration information
[    0.000000] smpboot: Allowing 2 CPUs, 0 hotplug CPUs
[    0.000000] PM: Registered nosave memory: [mem 0x00000000-0x00000fff]
[    0.000000] PM: Registered nosave memory: [mem 0x0009f000-0x0009ffff]
[    0.000000] PM: Registered nosave memory: [mem 0x000a0000-0x000effff]
[    0.000000] PM: Rgistered nosave memory: [mem 0x000f0000-000fffff]
[    0.000000] PM: Registered osave memory: [mem 0xdfff0000-0xdfffffff]
[    0.000000] PM: Registered nosave memory: [mem 0xe0000000-0xfffbffff]
[    0.000000] PM:Reistered nosave memory: [mem 0xfffc0000-0xffffffff]
[    0.000000] e820: [mem 0xe0000000-0xfffbffff] available for PCI devices
[    0.000000] Booting paravirtualized kernel on KVM
[    0.000000] clocksource: refined-jiffies: mask: 0xffffffff max_cycles: 0xffffffff, max_idle_ns: 7645519600211568 ns
[    0.000000] setup_percpu: NR_CPUS:512 nr_cpumask_bits:512 nr_cpu_ids:2 nr_node_ids:
[    0.000000] PERCPU: Embedded 34 pages/cpu @ffff880111fc00000 s99544 r8192 d31528 u1048576
[    0.000000] PV qspinlock hash table entries: 256 (order: 0, 4096 bytes)
[    0.000000] Built 1 zonelists in Node order, mobility grouping on.  Total pages: 1032056
[    0.000000] Policy zone: Normal
[    0.000000] Kernel ommand line: BOOT_IMA=/boot/vmlinuz-4.4.0-128-generic root=LABEL=cloudimg-rootfs ro console=tty1 console=ttyS0
[   0.000000] PID hash table entries: 496 (order: 3, 32768 bytes)
[    0.000000] Memory: 4032128K/4193848K available (8541K kernel code, 1313K rwdata, 4000K rodata, 1512K init, 1316K bss, 161720K reserved, 0K cma-reserved)
[    0.000000] SLUB: HWalign=64, Order=0-3, MinObjects=0, CPUs=2, Nodes=1
[    0.000000] Kernel/ser page tables isolation: enabled
[    0.000000] Hierarchical RCU implementation.
[    0.000000] 	Build-tme adjustment of leaf fanout to 64.
[    0.000000] 	RCU restricting CPUs from NR_CPUS=512 to nr_cpu_ids=2.
[    0.000000] RCU: Adjusting geometry for rcu_fanout_leaf=64, nr_cpu_ids=2
[    0.000000] NR_IRQS:33024 nr_irqs:440 16
[    0.000000] Console: colour VGA+ 80x25
[    0.000000] console [tty1] enabled
[    0.00000] console [ttyS0] enabled
[    0.000000] tsc: Detected 2599.998 MHz processor
[    2.995110] Calibrating delay loop (skipped) preset value.. 5199.99 BogoMIPS (lpj=10399992)
[    3.003511] pid_max: default: 32768 minimum: 301
[    3.006371] AACPI: Core revision 20150930
[    3.020812] ACPI: 2 ACPI AML tables successfully acquired and loaded
[    3.031958] Security Framework initialized
[    3.039834] Yama: becoming mindful.
[    3.044380] AppArmor: AppArmor initialized
[    3.061474] Dentry cache hash table entries: 524288 (order: 10, 4194304 bytes)
[    3.087553] Inode-cache hash table entries: 262144 (order: 9, 2097152 bytes)
[    3.107465] Mount-cache hash table entries: 8192 (order: 4, 65536 bytes)
[    3.118546] Mountpoint-cache hash table entries: 8192 (order: 4, 65536 bytes)
[    3.223267] Initializing cgroup subsys io
[    3.235703] Initializing cgroup subsys memory
[    3.237138] Initializing cgroup subsys devices
[    3.253047] Initializing cgroup subsys freezer
[    3.254633] Initializing cgroup subsys net_cls
[    3.258086] Initializing cgroup subsys perf_event
[    3.261116] Initializing cgroup subsys net_prio
[    3.277397] Initializing cgroup subsys hugetlb
[    3.288134] Initializing cgroup subsys pids
[    3.311849] CPU: Physical Processor ID: 0
[    3.318007] CPU: Processor Core ID: 0
[    3.326216] mce: CPU supports 0 MCE banks
[    3.337531] Last level iTLB entries: 4KB 1024, 2MB 1024, 4MB 1024
[    3.344278] Last level dTLB entries: 4KB 1024, 2MB 1024, 4MB 1024, 1GB 4
[    3.347888] Spectre V2 : Mitigation: Full generic retpoline
[    3.354964] Spectre V2 : Speculation control IBPB not-supported IBRS not-supported
[    3.358414] Speculative Store Bypass: Vulnerable
[    3.363381] Freeing SMP alternatives memory: 32K
[    3.374955] ftrace: allocating 32236 entries in 126 pages
[    3.469773] smpboot: APIC(0) Converting physical 0 to logical package 0
[    3.477023] smpboot: Max logical packages: 1
[    3.480490] ..TIMER: vector=0x30 apic1=0 pin1=2 apic2=-1 pin2=-1
[    3.588826] smpboot: CPU0: Intel(R) Core(TM) i5-4278U CPU @ 2.60GHz (family: 0x6, model: 0x45, stepping: 0x1)
[    3.598815] Performance Events: unsupported p6 CPU model 69 no PMU driver, software events only.
[    3.621579] KVM setup paravirtual spinlock
[    3.630929] x86: Booting SMP configuration:
[    3.645093] .... node  #0, CPUs:      #1
[    3.648898] kvm-clock: cpu 1, msr 1:1ffef041, secondary cpu clock
[    3.667882] mce: CPU supports 0 MCE banks
[    3.670847] x86: Booted up 1 node, 2 CPUs
[    3.672259] smpboot: Total of 2 processors activated (10399.99 BogoMIPS)
[    3.674719] devtmpfs: initialized
[    3.685344] evm: security.selinux
[    3.688091] evm: security.SMACK64
[    3.690241] evm: security.SMACK64EXEC
[    3.691448] evm: security.SMACK64TRANSMUTE
[    3.701945] evm: security.SMACK64MMAP
[    3.707180] evm: security.ima
[    3.714457] evm: security.capability
[    3.718522] clocksource: jiffies: mask: 0xffffffff max_cycles: 0xffffffff, max_idle_ns: 7645041785100000 ns
[    3.739338] futex hash table entries: 512 (order: 3, 32768 bytes)
[    3.750747] pinctrl core: initialized pinctrl subsystem
[    3.791140] RTC time: 17:16:57, date: 06/26/18
[    3.815757] NET: Registered protocol family 16
[    3.873683] cpuidle: using governor ladder
[    3.890095] cpuidle: using governor menu
[    3.893823] PCCT header not found.
[    3.900950] ACPI: bus type PCI registered
[    3.916798] acpiphp: ACPI Hot Plug PCI Controller Driver version: 0.5
[    3.927572] PCI: Using configuration type 1 for base access
[    3.954448] ACPI: Added _OSI(Module Device)
[    3.956487] ACPI: Added _OSI(Processor Device)
[    3.957639] ACPI: Added _OSI(3.0 _SCP Extensions)
[    3.958949] ACPI: Added _OSI(Processor Aggregator Device)
[    3.967466] ACPI: Executed 1 blocks of module-level executable AML code
[    3.978859] ACPI: Interpreter enabled
[    3.986725] ACPI: (supports S0 S5)
[    3.997761] ACPI: Using IOAPIC for interrupt routing
[    4.007577] PCI: Using host bridge windows from ACPI; if necessary, use "pci=nocrs" and report a bug
[    4.029719] ACPI: PCI Root Bridge [PCI0] (domain 0000 [bus 00-ff])
[    4.047940] acpi PNP0A03:00: _OSC: OS supports [ASPM ClockPM Segments MSI]
[    4.063591] acpi PNP0A03:00: _OSC failed (AE_NOT_FOUND); disabling ASPM
[    4.072185] acpi PNP0A03:00: fail to add MMCONFIG information, can't access extended PCI configuration space under this bridge.
[    4.078557] PCI host bridge to bus 0000:00
[    4.079868] pci_bus 0000:00: root bus resource [io  0x0000-0x0cf7 window]
[    4.083895] pci_bus 0000:00: root bus resource [io  0x0d00-0xffff window]
[    4.091555] pci_bus 0000:00: root bus resource [mem 0x000a0000-0x000bffff window]
[    4.095175] pci_bus 0000:00: root bus resource [mem 0xe0000000-0xffdfffff window]
[    4.110325] pci_bus 0000:00: root bus resource [bus 00-ff]
[    4.119944] pci 0000:00:01.1: legacy IDE quirk: reg 0x10: [io  0x01f0-0x01f7]
[    4.156103] pci 0000:00:01.1: legacy IDE quirk: reg 0x14: [io  0x03f6]
[    4.168721] pci 0000:00:01.1: legacy IDE quirk: reg 0x18: [io  0x0170-0x0177]
[    4.171443] pci 0000:00:01.1: legacy IDE quirk: reg 0x1c: [io  0x0376]
[    4.264757] ACPI: PCI Interrupt Link [LNKA] (IRQs 5 9 10 11) *0, disabled.
[    4.285171] ACPI: PCI Interrupt Link [LNKB] (IRQs 5 9 10 *11)
[    4.299145] ACPI: PCI Interrupt Link [LNKC] (IRQs 5 9 *10 11)
[    4.308250] ACPI: PCI Interrupt Link [LNKD] (IRQs 5 *9 10 11)
[    4.315232] ACPI: Enabled 2 GPEs in block 00 to 07
[    4.321032] vgaarb: setting as boot device: PCI:0000:00:02.0
[    4.331669] vgaarb: device added: PCI:0000:00:02.0,decodes=io+mem,owns=io+mem,locks=none
[    4.342525] vgaarb: loaded
[    4.349982] vgaarb: bridge control possible 0000:00:02.0
[    4.356362] SCSI subsystem initialized
[    4.371557] ACPI: bus type USB registered
[    4.375670] usbcore: registered new interface driver usbfs
[    4.387126] usbcore: registered new interface driver hub
[    4.389832] usbcore: registered new device driver usb
[    4.398417] PCI: Using ACPI for IRQ routing
[    4.399592] NetLabel: Initializing
[    4.403775] NetLabel:  domain hash size = 128
[    4.405031] NetLabel:  protocols = UNLABELED CIPSOv4
[    4.406897] NetLabel:  unlabeled traffic allowed by default
[    4.410386] amd_nb: Cannot enumerate AMD northbridges
[    4.413384] clocksource: Switched to clocksource kvm-clock
[   4429351] AppArmor AppArmor FilesysteEnbl
    4.811869] pnp: PnP ACPI init
[   44564]pn: nP ACP: ound 3 devies

[    5.260438] clocksource: acpi_pm: mask: 0xffffff max_cycles: 0xffffff, max_idle_ns: 2085701024 ns
[    5.282189] NET: Registered protocol family 2
[    5.292926] TCP established hash table entries: 32768 (order: 6, 262144 bytes)
[    5.302802] TCP bind hash table entries: 32768 (order: 7, 524288 bytes)
[    5.313313] TCP: Hash tables configured (established 32768 bind 32768)
[    5.344513] UDP hash table entries: 2048 (order: 4, 65536 bytes)
[    5.367086] UDP-Lite hash table entries: 2048 (order: 4, 65536 bytes)
[    5.382860] NET: Registered protocol family 1
[    5.387388] pci 0000:00:00.0: Limiting direct PCI/PCI transfers
[    5.407994] pci 0000:00:01.0: Activating ISA DMA hang workarounds
[    5.423383] Unpacking initramfs...
[    8.190505] Freeing initrd memory: 10904K
[    8.221123] PCI-DMA: Using software bounce buffering for IO (SWIOTLB)
[    8.242814] software IO TLB [mem 0xdbff0000-0xdfff0000] (64MB) mapped at [ffff8800dbff0000-ffff8800dffeffff]
[    8.279824] RAPL PMU detected, API unit is 2^-32 Joules, 4 fixed counters 10737418240 ms ovfl timer
[    8.303890] hw unit of domain pp0-core 2^-0 Joules
[    8.305174] hw unit of domain package 2^-0 Joules
[    8.314688] hw unit of domain dram 2^-0 Joules
[    8.336504] hw unit of domain pp1-gpu 2^-0 Joules
[    8.348381] platform rtc_cmos: registered platform RTC device (no PNP device found)
[    8.368199] Scanning for low memory corruption every 60 seconds
[    8.396210] audit: initializing netlink subsys (disabled)
[    8.430112] audit: type=2000 audit(1530033424.443:1): initialized
[    8.449782] Initialise system trusted keyring
[    8.489749] HugeTLB registered 2 MB page size, pre-allocated 0 pages
[    8.516783] zbud: loaded
[    8.519086] VFS: Disk quotas dquot_6.6.0
[    8.520525] VFS: Dquot-cache hash table entries: 512 (order 0, 4096 bytes)
[    8.527711] squashfs: version 4.0 (2009/01/31) Phillip Lougher
[    8.535366] fuse init (API version 7.23)
[    8.546103] Key type big_key registered
[    8.551423] Allocating IMA MOK and blacklist keyrings.
[    8.564306] Key type asymmetric registered
[    8.567779] Asymmetric key parser 'x509' registered
[    8.573308] Block layer SCSI generic (bsg) driver version 0.4 loaded (major 249)
[    8.588435] io scheduler noop registered
[    8.595166] io scheduler deadline registered (default)
[    8.600873] io scheduler cfq registered
[    8.604301] pci_hotplug: PCI Hot Plug PCI Core version: 0.5
[    8.605778] pciehp: PCI Express Hot Plug Controller Driver version: 0.4
[    8.608345] ACPI: AC Adapter [AC] (on-line)
[    8.621107] input: Power Button as /devices/LNXSYSTM:00/LNXPWRBN:00/input/input0
[    8.628169] ACPI: Power Button [PWRF]
[    8.630897] input: Sleep Button as /devices/LNXSYSTM:00/LNXSLPBN:00/input/input1
[    8.645472] ACPI: Sleep Button [SLPF]
[    8.650410] GHES: HEST is not enabled!
[    8.651883] ACPI: Battery Slot [BAT0] (battery present)
[    8.676578] Serial: 8250/16550 driver, 32 ports, IRQ sharing enabled
[    8.714248] 00:02: ttyS0 at I/O 0x3f8 (irq = 4, base_baud = 115200) is a 16550A
[    8.733822] Linux agpgart interface v0.103
[    8.739968] loop: module loaded
[    8.744585] scsi host0: ata_piix
[    8.745855] scsi host1: ata_piix
[    8.753283] ata1: PATA max UDMA/33 cmd 0x1f0 ctl 0x3f6 bmdma 0xd000 irq 14
[    8.754981] ata2: PATA max UDMA/33 cmd 0x170 ctl 0x376 bmdma 0xd008 irq 15
[    8.763002] libphy: Fixed MDIO Bus: probed
[    8.768197] tun: Universal TUN/TAP device driver, 1.6
[    8.773725] tun: (C) 1999-2004 Max Krasnyansky <maxk@qualcomm.com>
[    8.784667] PPP generic driver version 2.4.2
[    8.793906] ehci_hcd: USB 2.0 'Enhanced' Host Controller (EHCI) Driver
[    8.804121] ehci-pci: EHCI PCI platform driver
[    8.815081] ehci-platform: EHCI generic platform driver
[    8.820954] ohci_hcd: USB 1.1 'Open' Host Controller (OHCI) Driver
[    8.834711] ohci-pci: OHCI PCI platform driver
[    8.841914] ohci-platform: OHCI generic platform driver
[    8.847860] uhci_hcd: USB Universal Host Controller Interface driver
[    8.861721] i8042: PNP: PS/2 Controller [PNP0303:PS2K,PNP0f03:PS2M] at 0x60,0x64 irq 1,12
[    8.875351] serio: i8042 KBD port at 0x60,0x64 irq 1
[    8.894142] serio: i8042 AUX port at 0x60,0x64 irq 12
[    8.935319] mousedev: PS/2 mouse device common for all mice
[    9.010282] input: AT Translated Set 2 keyboard as /devices/platform/i8042/serio0/input/input2
[    9.02171rt_cmos tccmos: rtc core: registered rtc_cmos as rtc0
[    9.195117] rtc_cmos rtc_cmos: alarms up to one day, 114 bytes nvram
[    9.198951] i2c /dev entries driver
[    9.2010] devic-mapper: uevent: rsion 1.0.3
[    9.345910] tsc: RefinedSCclocksoce calibratn: 2600.678 MHz

[   345913] clocksource: tsc: ask: 0xffffffffffffffff max_cycles: 0x257cbc93b5d, max_idle_ns: 440795233942 ns

[    9.907553] device-mapper: ioctl: 4.34.0-ioctl (2015-10-28) initialised: dm-devel@redhat.com
[    9.910305] ledtrig-cpu: registered to indicate activity on CPUs
[    9.912656] NET: Registered protocol family 10
[    9.914172] NET: Registered protocol family 17
[    9.915333] Key type dns_resolver registered
[    9.918449] registered taskstats version 1
[    9.930544] Loading compiled-in X.509 certificates
[    9.944013] Loaded X.509 cert 'Build time autogenerated kernel key: fc7b57a7df019f2655f66a8a374d74ee8f4999fc'
[    9.963210] zswap: loaded using pool lzo/zbud
[    9.983643] Key type trusted registered
[    9.999884] Key type encrypted registered
[   10.008965] AppArmor: AppArmor sha1 policy hashing enabled
[   10.019518] ima: No TPM chip found, activating TPM-bypass!
[   10.030450] evm: HMAC attrs: 0x1
[   10.034220]   Magic number: 6:477:290
[   10.045539] tty tty23: hash matches
[   10.050931] rtc_cmos rtc_cmos: setting system clock to 2018-06-26 17:17:03 UTC (1530033423)
[   10.061578] BIOS EDD facility v0.16 2004-Jun-25, 0 devices found
[   10.069084] EDD information not available.
[   10.079028] Freeing unused kernel memory: 1512K
[   10.097510] Write protecting the kernel read-only data: 14336k
[   10.113485] Freeing unused kernel memory: 1688K
[   10.195850] Freeing unused kernel memory: 96K
Loading, please wait...
starting version 229
[   10.215413] random: systemd-udevd: uninitialized urandom read (16 bytes read, 4 bits of entropy available)
[   10.215973] random: udevadm: uninitialized urandom read (16 bytes read, 4 bits of entropy available)
[   10.216010] random: udevadm: uninitialized urandom read (16 bytes read, 4 bits of entropy available)
[   10.232129] random: systemd-udevd: uninitialized urandom read (16 bytes read, 4 bits of entropy available)
[   10.233483] random: udevadm: uninitialized urandom read (16 bytes read, 4 bits of entropy available)
[   10.233678] random: udevadm: uninitialized urandom read (16 bytes read, 4 bits of entropy available)
[   10.233955] random: udevadm: uninitialized urandom read (16 bytes read, 4 bits of entropy available)
[   10.234062] random: udevadm: uninitialized urandom read (16 bytes read, 4 bits of entropy available)
[   10.234168] random: udevadm: uninitialized urandom read (16 bytes read, 4 bits of entropy available)
[   10.234280] random: udevadm: uninitialized urandom read (16 bytes read, 4 bits of entropy available)
[   10.432917] e1000: Intel(R) PRO/1000 Network Driver - version 7.3.21-k8-NAPI
[   10.442465] e1000: Copyright (c) 1999-2006 Intel Corporation.
[   10.446480] Fusion MPT base driver 3.04.20
[   10.452239] Copyright (c) 1999-2008 LSI Corporation
[   10.513765] AVX version of gcm_enc/dec engaged.
[   10.527816] AES CTR mode by8 optimization enabled
[   10.559696] Fusion MPT SPI Host driver 3.04.20
[   10.765244] input: ImExPS/2 Generic Explorer Mouse as /devices/platform/i8042/serio1/input/input4
[   11.220279] e1000 0000:00:03.0 eth0: (PCI:33MHz:32-bit) 02:40:c1:fa:9b:f5
[   11.571943] e1000 0000:00:03.0 eth0: Intel(R) PRO/1000 Network Connection
[   11.604625] mptbase: ioc0: Initiating bringup
[   11.605576] e1000 0000:00:03.0 enp0s3: renamed from eth0
[   11.685930] ioc0: LSI53C1030 A0: Capabilities={Initiator}
[   11.860585] scsi host2: ioc0: LSI53C1030 A0, FwRev=00000000h, Ports=1, MaxQ=256, IRQ=20
[   11.979109] scsi 2:0:0:0: Direct-Access     VBOX     HARDDISK         1.0  PQ: 0 ANSI: 5
[   12.065624] scsi target2:0:0: Beginning Domain Validation
[   12.069507] scsi target2:0:0: Domain Validation skipping write tests
[   12.071072] scsi target2:0:0: Ending Domain Validation
[   12.072507] scsi target2:0:0: asynchronous
[   12.074769] scsi 2:0:1:0: Direct-Access     VBOX     HARDDISK         1.0  PQ: 0 ANSI: 5
[   12.079222] scsi target2:0:1: Beginning Domain Validation
[   12.197995] scsi target2:0:1: Domain Validation skipping write tests
[   12.273727] scsi target2:0:1: Ending Domain Validation
[   12.563589] scsi target2:0:1: asynchronous
[   12.588815] sd 2:0:0:0: Attached scsi generic sg0 type 0
[   12.594915] sd 2:0:0:0: [sda] 20971520 512-byte logical blocks: (10.7 GB/10.0 GiB)
[   12.618660] sd 2:0:0:0: [sda] Write Protect is off
[   12.642018] sd 2:0:0:0: [sda] Incomplete mode parameter data
[   12.643770] sd 2:0:1:0: [sdb] 20480 512-byte logical blocks: (10.5 MB/10.0 MiB)
[   12.644163] sd 2:0:1:0: [sdb] Write Protect is off
[   12.644709] sd 2:0:1:0: [sdb] Incomplete mode parameter data
[   12.644712] sd 2:0:1:0: [sdb] Assuming drive cache: write through
[   12.646047] sd 2:0:1:0: Attached scsi generic sg1 type 0
[   12.672425] sd 2:0:1:0: [sdb] Attached SCSI disk
[   12.796676] sd 2:0:0:0: [sda] Assuming drive cache: write through
[   12.818322]  sda: sda1
[   12.831476] sd 2:0:0:0: [sda] Attached SCSI disk
Begin: Loading e[   14.445156] md: linear personality registered for level -1
ssential drivers ... [   14.499774] md: multipath personality registered for level -4
[   14.529822] md: raid0 personality registered for level 0
[   14.550428] md: raid1 personality registered for level 1
[   14.625444] raid6: sse2x1   gen()  2465 MB/s
[   14.697452] raid6: sse2x1   xor()  4875 MB/s
[   14.769461] raid6: sse2x2   gen()  7617 MB/s
[   14.837426] raid6: sse2x2   xor()  3829 MB/s
[   14.905526] raid6: sse2x4   gen()  6615 MB/s
[   14.977506] raid6: sse2x4   xor()  6580 MB/s
[   14.987977] raid6: using algorithm sse2x2 gen() 7617 MB/s
[   14.994643] raid6: .... xor() 3829 MB/s, rmw enabled
[   14.998634] raid6: using ssse3x2 recovery algorithm
[   15.007396] xor: automatically using best checksumming function:
[   15.065666]    avx       : 18219.000 MB/sec
[   15.103182] async_tx: api initialized (async)
[   15.134344] md: raid6 personality registered for level 6
[   15.136038] md: raid5 personality registered for level 5
[   15.152529] md: raid4 personality registered for level 4
[   15.164467] md: raid10 personality registered for level 10
done.
Begin: Running /scripts/init-premount ... done.
Begin: Mounting root file system ... Begin: Running /scripts/local-top ... done[   15.247608] Btrfs loaded
.
Begin: Running /scripts/local-premount ... Scanning for Btrfs filesystems
done.
Warning: fsck not present, so sk[   15.340700] EXT4-fs (sda1): mounted filesystem with ordered data mode. Opts: (null)
ipping root file system
done.
Begin: Running /scripts/local-bottom ... done.
Begin: Running /scripts/init-bottom ... done.
[   15.602597] systemd[1]: systemd 229 running in system mode. (+PAM +AUDIT +SELINUX +IMA +APPARMOR +SMACK +SYSVINIT +UTMP +LIBCRYPTSETUP +GCRYPT +GNUTLS +ACL +XZ -LZ4 +SECCOMP +BLKID +ELFUTILS +KMOD -IDN)
[   15.641246] systemd[1]: Detected virtualization oracle.
[   15.685607] systemd[1]: Detected architecture x86-64.

Welcome to [1mUbuntu 16.04.4 LTS[0m!

[   15.722347] systemd[1]: Set hostname to <ubuntu-xenial>.
[   15.991383] systemd[1]: Created slice User and Session Slice.
[[0;32m  OK  [0m] Created slice User and Session Slice.
[   16.033120] systemd[1]: Listening on Device-mapper event daemon FIFOs.
[[0;32m  OK  [0m] Listening on Device-mapper event daemon FIFOs.
[   16.046374] systemd[1]: Listening on /dev/initctl Compatibility Named Pipe.
[[0;32m  OK  [0m] Listening on /dev/initctl Compatibility Named Pipe.
[   16.084080] systemd[1]: Listening on LVM2 poll daemon socket.
[[0;32m  OK  [0m] Listening on LVM2 poll daemon socket.
[   16.122947] systemd[1]: Reached target Encrypted Volumes.
[[0;32m  OK  [0m] Reached target Encrypted Volumes.
[   16.169890] systemd[1]: Listening on udev Control Socket.
[[0;32m  OK  [0m] Listening on udev Control Socket.
[   16.193883] systemd[1]: Listening on LVM2 metadata daemon socket.
[[0;32m  OK  [0m] Listening on LVM2 metadata daemon socket.
[   16.245975] systemd[1]: Listening on Journal Audit Socket.
[[0;32m  OK  [0m] Listening on Journal Audit Socket.
[   16.285875] systemd[1]: Listening on udev Kernel Socket.
[[0;32m  OK  [0m] Listening on udev Kernel Socket.
[   16.334146] systemd[1]: Created slice System Slice.
[[0;32m  OK  [0m] Created slice System Slice.
[   16.377867] systemd[1]: Reached target Slices.
[[0;32m  OK  [0m] Reached target Slices.
[   16.411841] systemd[1]: Created slice system-serial\x2dgetty.slice.
[[0;32m  OK  [0m] Created slice system-serial\x2dgetty.slice.
[   16.488485] systemd[1]: Reached target User and Group Name Lookups.
[[0;32m  OK  [0m] Reached target User and Group Name Lookups.
[   16.523149] systemd[1]: Started Trigger resolvconf update for networkd DNS.
[[0;32m  OK  [0m] Started Trigger resolvconf update for networkd DNS.
[   16.557910] systemd[1]: Listening on Syslog Socket.
[[0;32m  OK  [0m] Listening on Syslog Socket.
[   16.596256] systemd[1]: Started Forward Password Requests to Wall Directory Watch.
[[0;32m  OK  [0m] Started Forward Password Requests to Wall Directory Watch.
[   16.620876] systemd[1]: Reached target Swap.
[[0;32m  OK  [0m] Reached target Swap.
[   16.626436] systemd[1]: Listening on Journal Socket.
[[0;32m  OK  [0m] Listening on Journal Socket.
[   16.661864] systemd[1]: Starting Monitoring of LVM2 mirrors, snapshots etc. using dmeventd or progress polling...
         Starting Monitoring of LVM2 mirrors... dmeventd or progress polling...
[   16.798121] systemd[1]: Starting Set console keymap...
         Starting Set console keymap...
[   16.820976] systemd[1]: Mounting Debug File System...
         Mounting Debug File System...
[   16.861954] systemd[1]: Starting Create list of required static device nodes for the current kernel...
         Starting Create list of required st... nodes for the current kernel...
[   16.891910] systemd[1]: Mounting Huge Pages File System...
         Mounting Huge Pages File System...
[   16.919003] systemd[1]: Starting Uncomplicated firewall...
[   16.919970] random: nonblocking pool is initialized
         Startin[   16.954169] ip_tables: (C) 2000-2006 Netfilter Core Team
g Uncomplicated firewall...
[   16.967237] systemd[1]: Starting Load Kernel Modules...
         Startin[   16.979388] nf_conntrack version 0.5.0 (16384 buckets, 65536 max)
g Load Kernel Mo[   17.001736] Loading iSCSI transport class v2.0-870.
dules...
[   17.054164] iscsi: registered transport (tcp)
[   17.065096] ip6_tables: (C) 2000-2006 Netfilter Core Team
[   17.088541] systemd[1]: Mounting POSIX Message Queue File System...
         Mounting POSIX Message Queue File System...
[   17.175815] systemd[1]: Starting Nameserver information manager...
         Starting Nameserver inf[   17.188157] iscsi: registered transport (iser)
ormation manager...
[   17.217366] systemd[1]: Set up automount Arbitrary Executable File Formats File System Automount Point.
[[0;32m  OK  [0m] Set up automount Arbitrary Executab...ats File System Automount Point.
[   17.293623] systemd[1]: Starting Remount Root and Kernel File Systems...
         Startin[   17.300654] EXT4-fs (sda1): re-mounted. Opts: (null)
g Remount Root and Kernel File Systems...
[   17.325987] systemd[1]: Listening on Journal Socket (/dev/log).
[[0;32m  OK  [0m] Listening on Journal Socket (/dev/log).
[   17.409762] systemd[1]: Starting Journal Service...
         Starting Journal Service...
[   17.455586] systemd[1]: Mounted Debug File System.
[[0;32m  OK  [0m] Mounted Debug File System.
[   17.481777] systemd[1]: Mounted POSIX Message Queue File System.
[[0;32m  OK  [0m] Mounted POSIX Message Queue File System.
[   17.526205] systemd[1]: Mounted Huge Pages File System.
[[0;32m  OK  [0m] Mounted Huge Pages File System.
[   17.558090] systemd[1]: Started Jounal Service.

[[0;32m  OK  [0m] Started Journal Service.
[[0;32m  OK  [0m] Started Set console keymap.
[[0;32m  OK  [0m] Started Create list of required sta...ce nodes for the current kernel.
[[0;32m  OK  [0m] Started Uncomplicated firewall.
[[0;32m  OK  [0m] Started Load Kernel Modules.
[[0;32m  OK  [0m] Started Remount Root and Kernel File Systems.
[[0;32m  OK  [0m] Started Nameserver information manager.
[[0;32m  OK  [0m] Started LVM2 metadata daemon.
         Starting udev Coldplug all Devices...
         Starting Load/Save Random Seed...
         Starting Apply Kernel Variables...
         Mounting FUSE Control File System...
         Starting Create Static Device Nodes in /dev...
         Starting Flush Journal to Persistent Storage...
[[0;32m  OK  [0m] Mounted FUSE Control File System.
[[0;32m  OK  [0m] Started Load/Save Random Seed.
[[0;32m  OK  [0m] Started Apply Kernel Variables.
[[0;32m  OK  [0m] Started Create Static Device Nodes in /dev.
[[0;32m  OK  [0m] Started udev Coldplug all Devices.
[[0;32m  OK  [0m] Started Monitoring of LVM2 mirrors,...ng dmeventd or progress polling.
[[0;32m  OK  [0m] Started Flush Journal to Persistent Storage.
         Starting udev Kernel Device Manager...
[[0;32m  OK  [0m] Started udev Kernel Device Manager.
[[0;32m  OK  [0m] Reached target Local File Systems (Pre).
[[0;32m  OK  [0m] Reached target Local File Systems.
         Starting Tell Plymouth To Write Out Runtime Data...
         Starting Create Volatile Files and Directories...
         Starting Set console font and keymap...
         Starting LSB: AppArmor initialization...
         Starting Initial cloud-init job (pre-networking)...
[[0;32m  OK  [0m] Started Dispatch Password Requests to Console Directory Watch.
[[0;32m  OK  [0m] Started Tell Plymouth To Write Out Runtime Data.
[[0;32m  OK  [0m] Started Create Volatile Files and Directories.
         Starting Update UTMP about System Boot/Shutdown...
[[0;32m  OK  [0m] Reached target System Time Synchronized.
[[0;32m  OK  [0m] Found device /dev/ttyS0.
[[0;32m  OK  [0m] Started Update UTMP about System Boot/Shutdown.
[[0;32m  OK  [0m] Found device 82540EM Gigabit Ethern...r (PRO/1000 MT Desktop Adapter).
[[0;32m  OK  [0m] Listening on Load/Save RF Kill Switch Status /dev/rfkill Watch.
[[0;32m  OK  [0m] Started Set console font and keymap.
[[0;32m  OK  [0m] Created slice system-getty.slice.
[[0;32m  OK  [0m] Started LSB: AppArmor initialization.
[   48.496432] cloud-init[563]: Cloud-init v. 18.2 running 'init-local' at Tue, 26 Jun 2018 17:17:45 +0000. Up 48.02 seconds.
[[0;32m  OK  [0m] Started Initial cloud-init job (pre-networking).
[[0;32m  OK  [0m] Reached target Network (Pre).
         Starting Raise network interfaces...
[[0;32m  OK  [0m] Started ifup for enp0s3.
[[0;32m  OK  [0m] Started Raise network interfaces.
         Starting Initial cloud-init job (metadata service crawler)...
[[0;32m  OK  [0m] Reached target Network.
[   50.172797] cloud-init[1059]: Cloud-init v. 18.2 running 'init' at Tue, 26 Jun 2018 17:17:46 +0000. Up 49.56 seconds.
[   50.228752] cloud-init[1059]: ci-info: +++++++++++++++++++++++++++++++++++++Net device info++++++++++++++++++++++++++++++++++++++
[   50.341446] cloud-init[1059]: ci-info: +--------+------+----------------------------+---------------+-------+-------------------+
[   50.341902] cloud-init[1059]: ci-info: | Device |  Up  |          Address           |      Mask     | Scope |     Hw-Address    |
[[0;32m  OK  [0m] Started Initial cloud-init job (metadata service crawler).
[   50.342102] cloud-init[1059]: ci-info: +--------+------+----------------------------+---------------+-------+-------------------+
[   50.438968] cloud-init[1059]: ci-info: | enp0s3 | True |         10.0.2.15          | 255.255.255.0 |   .   | 02:40:c1:fa:9b:f5 |
[   50.439419] cloud-init[1059]: ci-info: | enp0s3 | True | fe80::40:c1ff:fefa:9bf5/64 |       .       |  link | 02:40:c1:fa:9b:f5 |
[[0;32m  OK  [0m] Reached target System Initialization.
[   50.439704] cloud-init[1059]: ci-info: |   lo   | True |         127.0.0.1          |   255.0.0.0   |   .   |         .         |
[   50.728504] cloud-init[1059]: ci-info: |   lo   | True |          ::1/128           |       .       |  host |         .         |
[   50.729070] cloud-init[1059]: ci-info: +--------+------+----------------------------+---------------+-------+-------------------+
         Starting LXD - unix socket.
         Starting Socket activation for snappy daemon.
[   50.729228] cloud-init[1059]: ci-info: +++++++++++++++++++++++++++Route IPv4 info++++++++++++++++++++++++++++
[   50.894583] cloud-init[1059]: ci-info: +-------+-------------+----------+---------------+-----------+-------+
[   50.895030] cloud-init[1059]: ci-info: | Route | Destination | Gateway  |    Genmask    | Interface | Flags |
[[0;32m  OK  [0m] Started ACPI Events Check.
[   50.895286] cloud-init[1059]: ci-info: +-------+-------------+----------+---------------+-----------+-------+
[   51.075273] cloud-init[1059]: ci-info: |   0   |   0.0.0.0   | 10.0.2.2 |    0.0.0.0    |   enp0s3  |   UG  |
[   51.075640] cloud-init[1059]: ci-info: |   1   |   10.0.2.0  | 0.0.0.0  | 255.255.255.0 |   enp0s3  |   U   |
[[0;32m  OK  [0m] Reached target Paths.
[   51.075852] cloud-init[1059]: ci-info: +-------+-------------+----------+---------------+-----------+-------+
[[0;32m  OK  [0m] Listening on D-Bus System Message Bus Socket.
[[0;32m  OK  [0m] Started Daily apt download activities.
[[0;32m  OK  [0m] Started Daily apt upgrade and clean activities.
[[0;32m  OK  [0m] Started Daily Cleanup of Temporary Directories.
[[0;32m  OK  [0m] Reached target Timers.
[[0;32m  OK  [0m] Listening on UUID daemon activation socket.
[[0;32m  OK  [0m] Listening on ACPID Listen Socket.
[[0;32m  OK  [0m] Reached target Cloud-config availability.
[[0;32m  OK  [0m] Reached target Network is Online.
         Starting iSCSI initiator daemon (iscsid)...
[[0;32m  OK  [0m] Listening on LXD - unix socket.
[[0;32m  OK  [0m] Listening on Socket activation for snappy daemon.
[[0;32m  OK  [0m] Started iSCSI initiator daemon (iscsid).
         Starting Login to default iSCSI targets...
[[0;32m  OK  [0m] Reached target Sockets.
[[0;32m  OK  [0m] Reached target Basic System.
         Starting LXD - container startup/shutdown...
         Starting MySQL Community Server...
         Starting The PHP 7.0 FastCGI Process Manager...
         Starting Accounts Service...
         Starting LSB: Record successful boot for GRUB...
[[0;32m  OK  [0m] Started ACPI event daemon.
[[0;32m  OK  [0m] Started Regular background program processing daemon.
[[0;32m  OK  [0m] Started Deferred execution scheduler.
         Starting A high performance web server and a reverse proxy server...
         Starting vboxadd-x11.service...
         Starting vboxadd.service...
[[0;32m  OK  [0m] Started FUSE filesystem for LXC.
         Starting System Logging Service...
         Starting /etc/rc.local Compatibility...
[[0;32m  OK  [0m] Started Unattended Upgrades Shutdown.
         Starting Login Service...
[[0;32m  OK  [0m] Started D-Bus System Message Bus.
         Starting Snappy daemon...
         Starting OpenBSD Secure Shell server...
         Starting Apply the settings specified in cloud-config...
         Starting LSB: MD monitoring daemon...
[[0;32m  OK  [0m] Started System Logging Service.
[[0;32m  OK  [0m] Started OpenBSD Secure Shell server.
[[0;32m  OK  [0m] Started Snappy daemon.
[[0;32m  OK  [0m] Started LXD - container startup/shutdown.
[[0;32m  OK  [0m] Started vboxadd-x11.service.
[[0;32m  OK  [0m] Started vboxadd.service.
[[0;32m  OK  [0m] Started /etc/rc.local Compatibility.
[[0;32m  OK  [0m] Started A high performance web server and a reverse proxy server.
[[0;32m  OK  [0m] Started Login to default iSCSI targets.
[[0;32m  OK  [0m] Started The PHP 7.0 FastCGI Process Manager.
[[0;32m  OK  [0m] Started LSB: Record successful boot for GRUB.
[[0;32m  OK  [0m] Started Login Service.
         Starting Authenticate and Authorize Users to Run Privileged Tasks...
[[0;32m  OK  [0m] Reached target Remote File Systems (Pre).
[[0;32m  OK  [0m] Reached target Remote File Systems.
         Starting Permit User Sessions...
         Starting LSB: automatic crash report generation...
         Starting LSB: daemon to balance interrupts for SMP systems...
         Starting LSB: Set the CPU Frequency Scaling governor to "ondemand"...
         Starting vboxadd-service.service...
         Starting Wait until snapd is fully seeded...
[[0;32m  OK  [0m] Started LSB: MD monitoring daemon.
[[0;32m  OK  [0m] Started Permit User Sessions.
[[0;32m  OK  [0m] Started Authenticate and Authorize Users to Run Privileged Tasks.
[[0;32m  OK  [0m] Started Accounts Service.
         Starting Hold until boot process finishes up...
         Starting Terminate Plymouth Boot Screen...
[[0;32m  OK  [0m] Started LSB: Set the CPU Frequency Scaling governor to "ondemand".
[[0;32m  OK  [0m] Started Hold until boot process finishes up.
[[0;32m  OK  [0m] Started vboxadd-service.service.
[[0;32m  OK  [0m] Started LSB: automatic crash report generation.
[[0;32m  OK  [0m] Started Wait until snapd is fully seeded.
[[0;32m  OK  [0m] Started Terminate Plymouth Boot Screen.
[   53.952363] cloud-init[1256]: Cloud-init v. 18.2 running 'modules:config' at Tue, 26 Jun 2018 17:17:50 +0000. Up 53.49 seconds.
[[0;32m  OK  [0m] Created slice User Slice of vagrant.
         Starting User Manager for UID 1000...
         Starting Set console scheme...
[[0;32m  OK  [0m] Started Serial Getty on ttyS0.
[[0;32m  OK  [0m] Started Getty on tty1.
[[0;32m  OK  [0m] Reached target Login Prompts.
[[0;32m  OK  [0m] Started LSB: daemon to balance interrupts for SMP systems.
[[0;32m  OK  [0m] Started Set console scheme.
[[0;32m  OK  [0m] Started Apply the settings specified in cloud-config.
[[0;32m  OK  [0m] Started User Manager for UID 1000.
[[0;32m  OK  [0m] Started Session 1 of user vagrant.
[[0;32m  OK  [0m] Started MySQL Community Server.
[[0;32m  OK  [0m] Reached target Multi-User System.
         Starting Execute cloud user/final scripts...
[[0;32m  OK  [0m] Reached target Graphical Interface.
         Starting Update UTMP about System Runlevel Changes...
[[0;32m  OK  [0m] Started Update UTMP about System Runlevel Changes.
[   55.470720] cloud-init[1533]: Cloud-init v. 18.2 running 'modules:final' at Tue, 26 Jun 2018 17:17:52 +0000. Up 55.30 seconds.
[   55.597207] [cloud-init[0;32m  OK  [0m[1533]: ] Cloud-init v. 18.2 finished at Tue, 26 Jun 2018 17:17:52 +0000. Datasource DataSourceNoCloud [seed=/dev/sdb][dsmode=net].  Up 55.46 secondsStarted Execute cloud user/final scripts.

[[0;32m  OK  [0m] Reached target Cloud-init target.
         Starting Daily apt download activities...
         Stopping User Manager for UID 1000...
[[0;32m  OK  [0m] Stopped User Manager for UID 1000.
[[0;32m  OK  [0m] Removed slice User Slice of vagrant.

Ubuntu 16.04.4 LTS ubuntu-xenial ttyS0

ubuntu-xenial login: 